<?xml version="1.0" encoding="UTF-8"?>
<testsuite name="com.toad.young.springboot.web.domain.posts.PostsRepositoryTest" tests="1" skipped="0" failures="0" errors="0" timestamp="2021-08-26T08:40:55" hostname="HMC-BO-N051392" time="0.528">
  <properties/>
  <testcase name="BaseEntity_등록" classname="com.toad.young.springboot.web.domain.posts.PostsRepositoryTest" time="0.528"/>
  <system-out><![CDATA[17:40:50.079 [Test worker] DEBUG org.springframework.test.context.junit4.SpringJUnit4ClassRunner - SpringJUnit4ClassRunner constructor called with [class com.toad.young.springboot.web.domain.posts.PostsRepositoryTest]
17:40:50.089 [Test worker] DEBUG org.springframework.test.context.BootstrapUtils - Instantiating CacheAwareContextLoaderDelegate from class [org.springframework.test.context.cache.DefaultCacheAwareContextLoaderDelegate]
17:40:50.098 [Test worker] DEBUG org.springframework.test.context.BootstrapUtils - Instantiating BootstrapContext using constructor [public org.springframework.test.context.support.DefaultBootstrapContext(java.lang.Class,org.springframework.test.context.CacheAwareContextLoaderDelegate)]
17:40:50.118 [Test worker] DEBUG org.springframework.test.context.BootstrapUtils - Instantiating TestContextBootstrapper for test class [com.toad.young.springboot.web.domain.posts.PostsRepositoryTest] from class [org.springframework.boot.test.context.SpringBootTestContextBootstrapper]
17:40:50.138 [Test worker] INFO org.springframework.boot.test.context.SpringBootTestContextBootstrapper - Neither @ContextConfiguration nor @ContextHierarchy found for test class [com.toad.young.springboot.web.domain.posts.PostsRepositoryTest], using SpringBootContextLoader
17:40:50.141 [Test worker] DEBUG org.springframework.test.context.support.AbstractContextLoader - Did not detect default resource location for test class [com.toad.young.springboot.web.domain.posts.PostsRepositoryTest]: class path resource [com/toad/young/springboot/web/domain/posts/PostsRepositoryTest-context.xml] does not exist
17:40:50.142 [Test worker] DEBUG org.springframework.test.context.support.AbstractContextLoader - Did not detect default resource location for test class [com.toad.young.springboot.web.domain.posts.PostsRepositoryTest]: class path resource [com/toad/young/springboot/web/domain/posts/PostsRepositoryTestContext.groovy] does not exist
17:40:50.143 [Test worker] INFO org.springframework.test.context.support.AbstractContextLoader - Could not detect default resource locations for test class [com.toad.young.springboot.web.domain.posts.PostsRepositoryTest]: no resource found for suffixes {-context.xml, Context.groovy}.
17:40:50.144 [Test worker] INFO org.springframework.test.context.support.AnnotationConfigContextLoaderUtils - Could not detect default configuration classes for test class [com.toad.young.springboot.web.domain.posts.PostsRepositoryTest]: PostsRepositoryTest does not declare any static, non-private, non-final, nested classes annotated with @Configuration.
17:40:50.191 [Test worker] DEBUG org.springframework.test.context.support.ActiveProfilesUtils - Could not find an 'annotation declaring class' for annotation type [org.springframework.test.context.ActiveProfiles] and class [com.toad.young.springboot.web.domain.posts.PostsRepositoryTest]
17:40:50.288 [Test worker] DEBUG org.springframework.context.annotation.ClassPathScanningCandidateComponentProvider - Identified candidate component class: file [D:\sourcecode\springboot2-webservice-practice\build\classes\java\main\com\toad\young\springboot\Application.class]
17:40:50.289 [Test worker] INFO org.springframework.boot.test.context.SpringBootTestContextBootstrapper - Found @SpringBootConfiguration com.toad.young.springboot.Application for test class com.toad.young.springboot.web.domain.posts.PostsRepositoryTest
17:40:50.391 [Test worker] DEBUG org.springframework.boot.test.context.SpringBootTestContextBootstrapper - @TestExecutionListeners is not present for class [com.toad.young.springboot.web.domain.posts.PostsRepositoryTest]: using defaults.
17:40:50.392 [Test worker] INFO org.springframework.boot.test.context.SpringBootTestContextBootstrapper - Loaded default TestExecutionListener class names from location [META-INF/spring.factories]: [org.springframework.boot.test.autoconfigure.restdocs.RestDocsTestExecutionListener, org.springframework.boot.test.autoconfigure.web.client.MockRestServiceServerResetTestExecutionListener, org.springframework.boot.test.autoconfigure.web.servlet.MockMvcPrintOnlyOnFailureTestExecutionListener, org.springframework.boot.test.autoconfigure.web.servlet.WebDriverTestExecutionListener, org.springframework.boot.test.mock.mockito.MockitoTestExecutionListener, org.springframework.boot.test.mock.mockito.ResetMocksTestExecutionListener, org.springframework.test.context.web.ServletTestExecutionListener, org.springframework.test.context.support.DirtiesContextBeforeModesTestExecutionListener, org.springframework.test.context.support.DependencyInjectionTestExecutionListener, org.springframework.test.context.support.DirtiesContextTestExecutionListener, org.springframework.test.context.transaction.TransactionalTestExecutionListener, org.springframework.test.context.jdbc.SqlScriptsTestExecutionListener]
17:40:50.423 [Test worker] INFO org.springframework.boot.test.context.SpringBootTestContextBootstrapper - Using TestExecutionListeners: [org.springframework.test.context.web.ServletTestExecutionListener@1a88bc05, org.springframework.test.context.support.DirtiesContextBeforeModesTestExecutionListener@5c5fd8c4, org.springframework.boot.test.mock.mockito.MockitoTestExecutionListener@e1479f3, org.springframework.boot.test.autoconfigure.SpringBootDependencyInjectionTestExecutionListener@18c8d0c9, org.springframework.test.context.support.DirtiesContextTestExecutionListener@477f2f41, org.springframework.test.context.transaction.TransactionalTestExecutionListener@65445692, org.springframework.test.context.jdbc.SqlScriptsTestExecutionListener@48b26028, org.springframework.boot.test.autoconfigure.restdocs.RestDocsTestExecutionListener@16a2bf6f, org.springframework.boot.test.autoconfigure.web.client.MockRestServiceServerResetTestExecutionListener@28999fdd, org.springframework.boot.test.autoconfigure.web.servlet.MockMvcPrintOnlyOnFailureTestExecutionListener@6f2eac9a, org.springframework.boot.test.autoconfigure.web.servlet.WebDriverTestExecutionListener@34463277, org.springframework.boot.test.mock.mockito.ResetMocksTestExecutionListener@371cba57]
17:40:50.425 [Test worker] DEBUG org.springframework.test.annotation.ProfileValueUtils - Retrieved @ProfileValueSourceConfiguration [null] for test class [com.toad.young.springboot.web.domain.posts.PostsRepositoryTest]
17:40:50.425 [Test worker] DEBUG org.springframework.test.annotation.ProfileValueUtils - Retrieved ProfileValueSource type [class org.springframework.test.annotation.SystemProfileValueSource] for class [com.toad.young.springboot.web.domain.posts.PostsRepositoryTest]
17:40:50.426 [Test worker] DEBUG org.springframework.test.annotation.ProfileValueUtils - Retrieved @ProfileValueSourceConfiguration [null] for test class [com.toad.young.springboot.web.domain.posts.PostsRepositoryTest]
17:40:50.426 [Test worker] DEBUG org.springframework.test.annotation.ProfileValueUtils - Retrieved ProfileValueSource type [class org.springframework.test.annotation.SystemProfileValueSource] for class [com.toad.young.springboot.web.domain.posts.PostsRepositoryTest]
17:40:50.428 [Test worker] DEBUG org.springframework.test.annotation.ProfileValueUtils - Retrieved @ProfileValueSourceConfiguration [null] for test class [com.toad.young.springboot.web.domain.posts.PostsRepositoryTest]
17:40:50.429 [Test worker] DEBUG org.springframework.test.annotation.ProfileValueUtils - Retrieved ProfileValueSource type [class org.springframework.test.annotation.SystemProfileValueSource] for class [com.toad.young.springboot.web.domain.posts.PostsRepositoryTest]
17:40:50.432 [Test worker] DEBUG org.springframework.test.annotation.ProfileValueUtils - Retrieved @ProfileValueSourceConfiguration [null] for test class [com.toad.young.springboot.web.domain.posts.PostsRepositoryTest]
17:40:50.432 [Test worker] DEBUG org.springframework.test.annotation.ProfileValueUtils - Retrieved ProfileValueSource type [class org.springframework.test.annotation.SystemProfileValueSource] for class [com.toad.young.springboot.web.domain.posts.PostsRepositoryTest]
17:40:50.433 [Test worker] DEBUG org.springframework.test.annotation.ProfileValueUtils - Retrieved @ProfileValueSourceConfiguration [null] for test class [com.toad.young.springboot.web.domain.posts.PostsRepositoryTest]
17:40:50.433 [Test worker] DEBUG org.springframework.test.annotation.ProfileValueUtils - Retrieved ProfileValueSource type [class org.springframework.test.annotation.SystemProfileValueSource] for class [com.toad.young.springboot.web.domain.posts.PostsRepositoryTest]
17:40:50.439 [Test worker] DEBUG org.springframework.test.context.support.AbstractDirtiesContextTestExecutionListener - Before test class: context [DefaultTestContext@2f6ae2d9 testClass = PostsRepositoryTest, testInstance = [null], testMethod = [null], testException = [null], mergedContextConfiguration = [WebMergedContextConfiguration@5e3b5cae testClass = PostsRepositoryTest, locations = '{}', classes = '{class com.toad.young.springboot.Application}', contextInitializerClasses = '[]', activeProfiles = '{}', propertySourceLocations = '{}', propertySourceProperties = '{org.springframework.boot.test.context.SpringBootTestContextBootstrapper=true}', contextCustomizers = set[org.springframework.boot.test.autoconfigure.properties.PropertyMappingContextCustomizer@0, org.springframework.boot.test.autoconfigure.web.servlet.WebDriverContextCustomizerFactory$Customizer@4139bae3, org.springframework.boot.test.context.filter.ExcludeFilterContextCustomizer@4df37e5e, org.springframework.boot.test.json.DuplicateJsonObjectContextCustomizerFactory$DuplicateJsonObjectContextCustomizer@5e634e5f, org.springframework.boot.test.mock.mockito.MockitoContextCustomizer@0, org.springframework.boot.test.web.client.TestRestTemplateContextCustomizer@c5e10bc], resourceBasePath = 'src/main/webapp', contextLoader = 'org.springframework.boot.test.context.SpringBootContextLoader', parent = [null]], attributes = map['org.springframework.test.context.web.ServletTestExecutionListener.activateListener' -> true]], class annotated with @DirtiesContext [false] with mode [null].
17:40:50.440 [Test worker] DEBUG org.springframework.test.annotation.ProfileValueUtils - Retrieved @ProfileValueSourceConfiguration [null] for test class [com.toad.young.springboot.web.domain.posts.PostsRepositoryTest]
17:40:50.440 [Test worker] DEBUG org.springframework.test.annotation.ProfileValueUtils - Retrieved ProfileValueSource type [class org.springframework.test.annotation.SystemProfileValueSource] for class [com.toad.young.springboot.web.domain.posts.PostsRepositoryTest]
17:40:50.460 [Test worker] DEBUG org.springframework.test.context.support.TestPropertySourceUtils - Adding inlined properties to environment: {spring.jmx.enabled=false, org.springframework.boot.test.context.SpringBootTestContextBootstrapper=true, server.port=-1}

  .   ____          _            __ _ _
 /\\ / ___'_ __ _ _(_)_ __  __ _ \ \ \ \
( ( )\___ | '_ | '_| | '_ \/ _` | \ \ \ \
 \\/  ___)| |_)| | | | | || (_| |  ) ) ) )
  '  |____| .__|_| |_|_| |_\__, | / / / /
 =========|_|==============|___/=/_/_/_/
 :: Spring Boot ::        (v2.1.9.RELEASE)

2021-08-26 17:40:50.722  INFO 16528 --- [    Test worker] c.t.y.s.w.d.posts.PostsRepositoryTest    : Starting PostsRepositoryTest on HMC-BO-N051392 with PID 16528 (started by E132297 in D:\sourcecode\springboot2-webservice-practice)
2021-08-26 17:40:50.723  INFO 16528 --- [    Test worker] c.t.y.s.w.d.posts.PostsRepositoryTest    : No active profile set, falling back to default profiles: default
2021-08-26 17:40:51.353  INFO 16528 --- [    Test worker] .s.d.r.c.RepositoryConfigurationDelegate : Bootstrapping Spring Data repositories in DEFAULT mode.
2021-08-26 17:40:51.428  INFO 16528 --- [    Test worker] .s.d.r.c.RepositoryConfigurationDelegate : Finished Spring Data repository scanning in 65ms. Found 1 repository interfaces.
2021-08-26 17:40:51.839  INFO 16528 --- [    Test worker] trationDelegate$BeanPostProcessorChecker : Bean 'org.springframework.transaction.annotation.ProxyTransactionManagementConfiguration' of type [org.springframework.transaction.annotation.ProxyTransactionManagementConfiguration$$EnhancerBySpringCGLIB$$ea52e0b0] is not eligible for getting processed by all BeanPostProcessors (for example: not eligible for auto-proxying)
2021-08-26 17:40:52.115  INFO 16528 --- [    Test worker] com.zaxxer.hikari.HikariDataSource       : HikariPool-1 - Starting...
2021-08-26 17:40:52.345  INFO 16528 --- [    Test worker] com.zaxxer.hikari.HikariDataSource       : HikariPool-1 - Start completed.
2021-08-26 17:40:52.440  INFO 16528 --- [    Test worker] o.hibernate.jpa.internal.util.LogHelper  : HHH000204: Processing PersistenceUnitInfo [
	name: default
	...]
2021-08-26 17:40:52.530  INFO 16528 --- [    Test worker] org.hibernate.Version                    : HHH000412: Hibernate Core {5.3.12.Final}
2021-08-26 17:40:52.532  INFO 16528 --- [    Test worker] org.hibernate.cfg.Environment            : HHH000206: hibernate.properties not found
2021-08-26 17:40:52.760  INFO 16528 --- [    Test worker] o.hibernate.annotations.common.Version   : HCANN000001: Hibernate Commons Annotations {5.0.4.Final}
2021-08-26 17:40:52.958  INFO 16528 --- [    Test worker] org.hibernate.dialect.Dialect            : HHH000400: Using dialect: org.hibernate.dialect.MySQL5InnoDBDialect
Hibernate: drop table if exists posts
Hibernate: create table posts (id bigint not null auto_increment, created_date datetime, modified_date datetime, author varchar(255), content TEXT not null, title varchar(500) not null, primary key (id)) engine=InnoDB
2021-08-26 17:40:53.731  INFO 16528 --- [    Test worker] o.h.t.schema.internal.SchemaCreatorImpl  : HHH000476: Executing import script 'org.hibernate.tool.schema.internal.exec.ScriptSourceInputNonExistentImpl@561e3ddc'
2021-08-26 17:40:53.734  INFO 16528 --- [    Test worker] j.LocalContainerEntityManagerFactoryBean : Initialized JPA EntityManagerFactory for persistence unit 'default'
2021-08-26 17:40:54.743  INFO 16528 --- [    Test worker] o.s.s.concurrent.ThreadPoolTaskExecutor  : Initializing ExecutorService 'applicationTaskExecutor'
2021-08-26 17:40:54.814  WARN 16528 --- [    Test worker] aWebConfiguration$JpaWebMvcConfiguration : spring.jpa.open-in-view is enabled by default. Therefore, database queries may be performed during view rendering. Explicitly configure spring.jpa.open-in-view to disable this warning
2021-08-26 17:40:55.219  INFO 16528 --- [    Test worker] c.t.y.s.w.d.posts.PostsRepositoryTest    : Started PostsRepositoryTest in 4.748 seconds (JVM running for 6.441)
Hibernate: insert into posts (created_date, modified_date, author, content, title) values (?, ?, ?, ?, ?)
2021-08-26 17:40:55.570  INFO 16528 --- [    Test worker] o.h.h.i.QueryTranslatorFactoryInitiator  : HHH000397: Using ASTQueryTranslatorFactory
Hibernate: select posts0_.id as id1_0_, posts0_.created_date as created_2_0_, posts0_.modified_date as modified3_0_, posts0_.author as author4_0_, posts0_.content as content5_0_, posts0_.title as title6_0_ from posts posts0_
>>>>>>>> createDate=2021-08-26T17:40:55.364, modifiedDate = 2021-08-26T17:40:55.364
Hibernate: select posts0_.id as id1_0_, posts0_.created_date as created_2_0_, posts0_.modified_date as modified3_0_, posts0_.author as author4_0_, posts0_.content as content5_0_, posts0_.title as title6_0_ from posts posts0_
Hibernate: delete from posts where id=?
]]></system-out>
  <system-err><![CDATA[]]></system-err>
</testsuite>
